e:\code\ccode\.project\gbaletsgope-memhack\pokemonhack\pokemonmemhack\release\pokemonmemhack.pch
e:\code\ccode\.project\gbaletsgope-memhack\pokemonhack\pokemonmemhack\release\stdafx.obj
e:\code\ccode\.project\gbaletsgope-memhack\pokemonhack\pokemonmemhack\release\skilllistbox.obj
e:\code\ccode\.project\gbaletsgope-memhack\pokemonhack\pokemonmemhack\release\skillcombobox.obj
e:\code\ccode\.project\gbaletsgope-memhack\pokemonhack\pokemonmemhack\release\memmiscpage2.obj
e:\code\ccode\.project\gbaletsgope-memhack\pokemonhack\pokemonmemhack\release\memmiscpage1.obj
e:\code\ccode\.project\gbaletsgope-memhack\pokemonhack\pokemonmemhack\release\memmiscpage0.obj
e:\code\ccode\.project\gbaletsgope-memhack\pokemonhack\pokemonmemhack\release\mempmtabpage.obj
e:\code\ccode\.project\gbaletsgope-memhack\pokemonhack\pokemonmemhack\release\mempmskillpage.obj
e:\code\ccode\.project\gbaletsgope-memhack\pokemonhack\pokemonmemhack\release\mempmribbonpage.obj
e:\code\ccode\.project\gbaletsgope-memhack\pokemonhack\pokemonmemhack\release\mempmpage.obj
e:\code\ccode\.project\gbaletsgope-memhack\pokemonhack\pokemonmemhack\release\mempmmiscpage.obj
e:\code\ccode\.project\gbaletsgope-memhack\pokemonhack\pokemonmemhack\release\mempmbasicpage.obj
e:\code\ccode\.project\gbaletsgope-memhack\pokemonhack\pokemonmemhack\release\mempmabilitypage.obj
e:\code\ccode\.project\gbaletsgope-memhack\pokemonhack\pokemonmemhack\release\stringreader.obj
e:\code\ccode\.project\gbaletsgope-memhack\pokemonhack\pokemonmemhack\release\pokemonmemhackdlg.obj
e:\code\ccode\.project\gbaletsgope-memhack\pokemonhack\pokemonmemhack\release\pokemonmemhackcore.obj
e:\code\ccode\.project\gbaletsgope-memhack\pokemonhack\pokemonmemhack\release\pokemonmemhack.obj
e:\code\ccode\.project\gbaletsgope-memhack\pokemonhack\pokemonmemhack\release\pokemonmemhack.res
e:\code\ccode\.project\gbaletsgope-memhack\pokemonhack\pokemonmemhack\release\pokemonmemhack.pdb
e:\code\ccode\.project\gbaletsgope-memhack\pokemonhack\pokemonmemhack\release\pokemonmemhack.tlog\cl.command.1.tlog
e:\code\ccode\.project\gbaletsgope-memhack\pokemonhack\pokemonmemhack\release\pokemonmemhack.tlog\cl.read.1.tlog
e:\code\ccode\.project\gbaletsgope-memhack\pokemonhack\pokemonmemhack\release\pokemonmemhack.tlog\cl.write.1.tlog
e:\code\ccode\.project\gbaletsgope-memhack\pokemonhack\pokemonmemhack\release\pokemonmemhack.tlog\link-cvtres.read.1.tlog
e:\code\ccode\.project\gbaletsgope-memhack\pokemonhack\pokemonmemhack\release\pokemonmemhack.tlog\link-cvtres.write.1.tlog
e:\code\ccode\.project\gbaletsgope-memhack\pokemonhack\pokemonmemhack\release\pokemonmemhack.tlog\link-mt.read.1.tlog
e:\code\ccode\.project\gbaletsgope-memhack\pokemonhack\pokemonmemhack\release\pokemonmemhack.tlog\link-mt.write.1.tlog
e:\code\ccode\.project\gbaletsgope-memhack\pokemonhack\pokemonmemhack\release\pokemonmemhack.tlog\link-rc.read.1.tlog
e:\code\ccode\.project\gbaletsgope-memhack\pokemonhack\pokemonmemhack\release\pokemonmemhack.tlog\link-rc.write.1.tlog
e:\code\ccode\.project\gbaletsgope-memhack\pokemonhack\pokemonmemhack\release\pokemonmemhack.tlog\link.command.1.tlog
e:\code\ccode\.project\gbaletsgope-memhack\pokemonhack\pokemonmemhack\release\pokemonmemhack.tlog\link.read.1.tlog
e:\code\ccode\.project\gbaletsgope-memhack\pokemonhack\pokemonmemhack\release\pokemonmemhack.tlog\link.write.1.tlog
e:\code\ccode\.project\gbaletsgope-memhack\pokemonhack\pokemonmemhack\release\pokemonmemhack.tlog\rc.command.1.tlog
e:\code\ccode\.project\gbaletsgope-memhack\pokemonhack\pokemonmemhack\release\pokemonmemhack.tlog\rc.read.1.tlog
e:\code\ccode\.project\gbaletsgope-memhack\pokemonhack\pokemonmemhack\release\pokemonmemhack.tlog\rc.write.1.tlog
